<?xml version="1.0" encoding="UTF-8"?>
<!-- Generated by org.testng.reporters.JUnitXMLReporter -->
<testsuite ignored="0" hostname="LAPTOP-J81SHHRK" failures="0" tests="3" name="Demo WebShop Test" time="16.977" errors="0" timestamp="2024-06-06T12:29:47 IST">
  <testcase classname="Testcases.SubscribeTest" name="subscribetest" time="15.876"/>
  <testcase classname="Testcases.VoteTest" name="votetest" time="16.041"/>
  <testcase classname="Testcases.SearchTest" name="searchtest" time="16.869"/>
</testsuite> <!-- Demo WebShop Test -->
