<?xml version="1.0" encoding="UTF-8"?>
<!-- Generated by org.testng.reporters.JUnitXMLReporter -->
<testsuite ignored="2" hostname="LAPTOP-J81SHHRK" failures="0" tests="4" name="DwsTest" time="0.082" errors="0" timestamp="2024-06-04T17:50:36 IST">
  <testcase classname="Testcases.Helper_Groups" name="AddToCart" time="0.014"/>
  <testcase classname="Testcases.Helper_Groups" name="Subscribetest" time="0.002"/>
  <testcase classname="Testcases.Group_Helper" name="Logintest" time="0.002"/>
  <testcase classname="Testcases.Group_Helper" name="Registertest" time="0.002"/>
  <testcase classname="Testcases.Helper_Groups" name="VoteTest" time="0.0">
    <ignored/>
  </testcase> <!-- VoteTest -->
  <testcase classname="Testcases.Group_Helper" name="Searchtest" time="0.0">
    <ignored/>
  </testcase> <!-- Searchtest -->
</testsuite> <!-- DwsTest -->
