<?xml version="1.0" encoding="UTF-8"?>
<!-- Generated by org.testng.reporters.JUnitXMLReporter -->
<testsuite ignored="0" hostname="LAPTOP-J81SHHRK" failures="0" tests="5" name="Default test" time="16.023" errors="0" timestamp="2024-06-14T12:04:09 IST">
  <testcase classname="Testcases.Invocation_ThreadPoolSize" name="Tc1" time="9.893"/>
  <testcase classname="Testcases.Invocation_ThreadPoolSize" name="Tc1" time="9.907"/>
  <testcase classname="Testcases.Invocation_ThreadPoolSize" name="Tc1" time="10.111"/>
  <testcase classname="Testcases.Invocation_ThreadPoolSize" name="Tc1" time="10.327"/>
  <testcase classname="Testcases.Invocation_ThreadPoolSize" name="Tc1" time="6.056"/>
</testsuite> <!-- Default test -->
